<?xml version="1.0" encoding="UTF-8"?>
<!-- Generated by org.testng.reporters.JUnitXMLReporter -->
<testsuite hostname="DESKTOP-H5NOQRE" ignored="0" name="Default test" tests="10" failures="0" timestamp="03 Nov 2022 14:04:16 GMT" time="0.042" errors="0">
  <testcase name="test1" time="0.007" classname="org.grouping.B"/>
  <testcase name="test10" time="0.001" classname="org.grouping.B"/>
  <testcase name="test2" time="0.001" classname="org.grouping.B"/>
  <testcase name="test3" time="0.001" classname="org.grouping.B"/>
  <testcase name="test4" time="0.001" classname="org.grouping.B"/>
  <testcase name="test5" time="0.001" classname="org.grouping.B"/>
  <testcase name="test6" time="0.001" classname="org.grouping.B"/>
  <testcase name="test7" time="0.001" classname="org.grouping.B"/>
  <testcase name="test8" time="0.0" classname="org.grouping.B"/>
  <testcase name="test9" time="0.0" classname="org.grouping.B"/>
</testsuite> <!-- Default test -->
