<?xml version="1.0" encoding="UTF-8"?>
<!-- Generated by org.testng.reporters.JUnitXMLReporter -->
<testsuite hostname="DESKTOP-H5NOQRE" ignored="8" name="Test" tests="2" failures="0" timestamp="03 Nov 2022 14:21:31 GMT" time="0.032" errors="0">
  <testcase name="test7" time="0.008" classname="org.grouping.B"/>
  <testcase name="test8" time="0.001" classname="org.grouping.B"/>
  <testcase name="test2" time="0.0" classname="org.grouping.B">
    <ignored/>
  </testcase> <!-- test2 -->
  <testcase name="test5" time="0.0" classname="org.grouping.B">
    <ignored/>
  </testcase> <!-- test5 -->
  <testcase name="test3" time="0.0" classname="org.grouping.B">
    <ignored/>
  </testcase> <!-- test3 -->
  <testcase name="test6" time="0.0" classname="org.grouping.B">
    <ignored/>
  </testcase> <!-- test6 -->
  <testcase name="test9" time="0.0" classname="org.grouping.B">
    <ignored/>
  </testcase> <!-- test9 -->
  <testcase name="test4" time="0.0" classname="org.grouping.B">
    <ignored/>
  </testcase> <!-- test4 -->
  <testcase name="test10" time="0.0" classname="org.grouping.B">
    <ignored/>
  </testcase> <!-- test10 -->
  <testcase name="test1" time="0.0" classname="org.grouping.B">
    <ignored/>
  </testcase> <!-- test1 -->
</testsuite> <!-- Test -->
