<?xml version="1.0" encoding="UTF-8"?>
<!-- Generated by org.testng.reporters.JUnitXMLReporter -->
<testsuite hostname="DESKTOP-H5NOQRE" ignored="2" name="Test1" tests="1" failures="0" timestamp="01 Nov 2022 05:56:29 GMT" time="0.025" errors="0">
  <testcase name="test1" time="0.007" classname="org.sample.A"/>
  <testcase name="test3" time="0.0" classname="org.sample.A">
    <ignored/>
  </testcase> <!-- test3 -->
  <testcase name="test2" time="0.0" classname="org.sample.A">
    <ignored/>
  </testcase> <!-- test2 -->
</testsuite> <!-- Test1 -->
