<?xml version="1.0" encoding="UTF-8"?>
<testng-results skipped="0" failed="0" ignored="8" total="10" passed="2">
  <reporter-output>
  </reporter-output>
  <suite name="Suite" duration-ms="32" started-at="2022-11-03T14:21:31Z" finished-at="2022-11-03T14:21:31Z">
    <groups>
      <group name="regression">
        <method signature="B.test7()[pri:0, instance:org.grouping.B@13deb50e]" name="test7" class="org.grouping.B"/>
        <method signature="B.test8()[pri:0, instance:org.grouping.B@13deb50e]" name="test8" class="org.grouping.B"/>
      </group> <!-- regression -->
    </groups>
    <test name="Test" duration-ms="32" started-at="2022-11-03T14:21:31Z" finished-at="2022-11-03T14:21:31Z">
      <class name="org.grouping.B">
        <test-method status="PASS" signature="test7()[pri:0, instance:org.grouping.B@13deb50e]" name="test7" duration-ms="8" started-at="2022-11-03T14:21:31Z" finished-at="2022-11-03T14:21:31Z">
          <reporter-output>
          </reporter-output>
        </test-method> <!-- test7 -->
        <test-method status="PASS" signature="test8()[pri:0, instance:org.grouping.B@13deb50e]" name="test8" duration-ms="1" started-at="2022-11-03T14:21:31Z" finished-at="2022-11-03T14:21:31Z">
          <reporter-output>
          </reporter-output>
        </test-method> <!-- test8 -->
      </class> <!-- org.grouping.B -->
    </test> <!-- Test -->
  </suite> <!-- Suite -->
</testng-results>
